<?xml version="1.0" encoding="UTF-8"?>
<!-- Generated by org.testng.reporters.JUnitReportReporter -->
<testsuite skipped="0" hostname="WKWIN9370960" name="dhriti.dhriti.Testcase" tests="1" failures="0" timestamp="18 May 2020 17:10:24 GMT" time="3.863" errors="0">
  <testcase name="testCompare" time="3.863" classname="dhriti.dhriti.Testcase"/>
</testsuite> <!-- dhriti.dhriti.Testcase -->
