<?xml version="1.0" encoding="UTF-8"?>
<!-- Generated by org.testng.reporters.JUnitReportReporter -->
<testsuite skipped="0" hostname="WKWIN9370960" name="dhriti.dhriti.Testcase" tests="1" failures="0" timestamp="19 May 2020 05:39:23 GMT" time="8.898" errors="0">
  <testcase name="testCompare" time="8.898" classname="dhriti.dhriti.Testcase"/>
</testsuite> <!-- dhriti.dhriti.Testcase -->
